Arguments: 
  C:\Program Files\nodejs\node.exe C:\Users\danilo\AppData\Roaming\npm\node_modules\yarn\bin\yarn.js add @angular/route

PATH: 
  C:\Windows\system32;C:\Windows;C:\Windows\System32\Wbem;C:\Windows\System32\WindowsPowerShell\v1.0\;C:\Program Files\Git\cmd;C:\Program Files\nodejs\;C:\Program Files (x86)\Brackets\command;C:\ambiente_danilo\runtimes\Java\jdk1.8.0_45\bin;C:\Program Files\MySQL\MySQL Utilities 1.6\;C:\ambiente_danilo\tools\apache-maven-3.5.2-bin\bin;C:\Users\danilo\AppData\Local\Microsoft\WindowsApps;C:\Program Files\Heroku\bin;C:\Users\danilo\AppData\Roaming\npm;C:\Program Files\Boot2Docker for Windows;C:\Program Files\Docker Toolbox

Yarn version: 
  1.3.2

Node version: 
  8.9.2

Platform: 
  win32 x64

npm manifest: 
  {
    "name": "gestao-negocio",
    "version": "0.0.1",
    "dependencies": {
      "angular": "^1.6.9",
      "angular-animate": "^1.6.9",
      "angular-aria": "^1.6.9",
      "angular-material": "^1.1.7",
      "angular-router": "^0.0.2",
      "angular-ui-router": "^1.0.3",
      "fontawesome": "^4.7.2"
    },
    "description": "Avaliação - sistema de gestão de contas à pagar",
    "main": "index.js",
    "repository": "https://github.com/tecdanilo/gestao-negocios.git",
    "author": "tecdanilo <tecdanilo@gmail.com>",
    "license": "GNU"
  }

yarn manifest: 
  No manifest

Lockfile: 
  # THIS IS AN AUTOGENERATED FILE. DO NOT EDIT THIS FILE DIRECTLY.
  # yarn lockfile v1
  
  
  "@uirouter/core@5.0.3":
    version "5.0.3"
    resolved "https://registry.yarnpkg.com/@uirouter/core/-/core-5.0.3.tgz#e2b5b1e45190e20c67ba4e15c013de5d4e0ccab3"
  
  angular-animate@^1.6.9:
    version "1.6.9"
    resolved "https://registry.yarnpkg.com/angular-animate/-/angular-animate-1.6.9.tgz#a0f926c1ba3190bd8929ef966a7fa79760682622"
  
  angular-aria@^1.6.9:
    version "1.6.9"
    resolved "https://registry.yarnpkg.com/angular-aria/-/angular-aria-1.6.9.tgz#150fa603ba7f604f48e3715b76ab3ec4b78971a6"
  
  angular-material@^1.1.7:
    version "1.1.7"
    resolved "https://registry.yarnpkg.com/angular-material/-/angular-material-1.1.7.tgz#b3ebe28bc884495285932fb9cf4f58ed6ce6f4ab"
  
  angular-router@^0.0.2:
    version "0.0.2"
    resolved "https://registry.yarnpkg.com/angular-router/-/angular-router-0.0.2.tgz#50ddd91f43edda87da8335acb21d438a782e22fc"
  
  angular-ui-router@^1.0.3:
    version "1.0.3"
    resolved "https://registry.yarnpkg.com/angular-ui-router/-/angular-ui-router-1.0.3.tgz#bf2494caae95c37cf01af3761d89747cfed2db45"
    dependencies:
      "@uirouter/core" "5.0.3"
  
  angular@^1.6.9:
    version "1.6.9"
    resolved "https://registry.yarnpkg.com/angular/-/angular-1.6.9.tgz#bc812932e18909038412d594a5990f4bb66c0619"
  
  fontawesome@^4.7.2:
    version "4.7.2"
    resolved "https://registry.yarnpkg.com/fontawesome/-/fontawesome-4.7.2.tgz#7f0c72ac7a6b029d3375bacb23522d9acfc50a52"

Trace: 
  Error: https://registry.yarnpkg.com/@angular%2froute: Not found
      at Request.params.callback [as _callback] (C:\Users\danilo\AppData\Roaming\npm\node_modules\yarn\lib\cli.js:62098:18)
      at Request.self.callback (C:\Users\danilo\AppData\Roaming\npm\node_modules\yarn\lib\cli.js:123085:22)
      at emitTwo (events.js:126:13)
      at Request.emit (events.js:214:7)
      at Request.<anonymous> (C:\Users\danilo\AppData\Roaming\npm\node_modules\yarn\lib\cli.js:124068:10)
      at emitOne (events.js:116:13)
      at Request.emit (events.js:211:7)
      at IncomingMessage.<anonymous> (C:\Users\danilo\AppData\Roaming\npm\node_modules\yarn\lib\cli.js:123988:12)
      at Object.onceWrapper (events.js:313:30)
      at emitNone (events.js:111:20)
